2020-12-15 20:12:24 INFO  RegisterPage :45 - Verify Message [[ChromeDriver: chrome on WINDOWS (9ee8ca23a4e11c9c47555eafd2677052)] -> xpath: //div[@class='gh-menu']//a[@title='My eBay']]
2020-12-15 20:12:65 INFO  RegisterPage :52 - Clicks on Sign In Link [[ChromeDriver: chrome on WINDOWS (9ee8ca23a4e11c9c47555eafd2677052)] -> xpath: //span[@id='gh-ug']//a[contains(text(),'Sign in')]]
2020-12-15 20:12:957 INFO  RegisterPage :45 - Verify Message [[ChromeDriver: chrome on WINDOWS (13e6a5c9dc142cb4cce23a4131b4857c)] -> xpath: //div[@class='gh-menu']//a[@title='My eBay']]
2020-12-15 20:12:998 INFO  RegisterPage :52 - Clicks on Sign In Link [[ChromeDriver: chrome on WINDOWS (13e6a5c9dc142cb4cce23a4131b4857c)] -> xpath: //span[@id='gh-ug']//a[contains(text(),'Sign in')]]
2020-12-15 20:12:875 INFO  RegisterPage :58 - Clicks on Not U Link Proxy element for: DefaultElementLocator 'By.xpath: //a[@id='switch-account-anchor']'
2020-12-15 20:12:42 INFO  ShopByCategoryPage :31 - Verify Message [[ChromeDriver: chrome on WINDOWS (21dc6e35fada4feae5345b85dc0a2b9b)] -> xpath: //div[@class='gh-menu']//a[@title='My eBay']]
2020-12-15 20:12:82 INFO  ShopByCategoryPage :38 - Click on Shop By Category Link [[ChromeDriver: chrome on WINDOWS (21dc6e35fada4feae5345b85dc0a2b9b)] -> xpath: //button[@id='gh-shop-a']]
2020-12-15 21:12:129 INFO  ShopByCategoryPage :31 - Verify Message [[ChromeDriver: chrome on WINDOWS (371c6aee721bdcbab4f9c12123fa06b3)] -> xpath: //div[@class='gh-menu']//a[@title='My eBay']]
2020-12-15 21:12:173 INFO  ShopByCategoryPage :38 - Click on Shop By Category Link [[ChromeDriver: chrome on WINDOWS (371c6aee721bdcbab4f9c12123fa06b3)] -> xpath: //button[@id='gh-shop-a']]
2020-12-15 21:12:262 INFO  ShopByCategoryPage :43 - Click on Computer And Tablet  Link [[ChromeDriver: chrome on WINDOWS (371c6aee721bdcbab4f9c12123fa06b3)] -> xpath: //a[contains(text(),'Computers & tablets')]]
2020-12-15 21:12:346 INFO  ShopByCategoryPage :48 - Verify Computer And Tablet Message Proxy element for: DefaultElementLocator 'By.xpath: //h1[@class='b-pageheader']//span[contains(text(),'Computers, Tablets & Network Hardware')]'
2020-12-15 21:12:81 INFO  ShopByCategoryPage :31 - Verify Message [[ChromeDriver: chrome on WINDOWS (f8ab7a733ee8a35526939321257c61ee)] -> xpath: //div[@class='gh-menu']//a[@title='My eBay']]
2020-12-15 21:12:122 INFO  ShopByCategoryPage :38 - Click on Shop By Category Link [[ChromeDriver: chrome on WINDOWS (f8ab7a733ee8a35526939321257c61ee)] -> xpath: //button[@id='gh-shop-a']]
2020-12-15 21:12:208 INFO  ShopByCategoryPage :43 - Click on Computer And Tablet  Link [[ChromeDriver: chrome on WINDOWS (f8ab7a733ee8a35526939321257c61ee)] -> xpath: //a[contains(text(),'Computers & tablets')]]
2020-12-15 21:12:262 INFO  ShopByCategoryPage :48 - Verify Computer And Tablet Message [[ChromeDriver: chrome on WINDOWS (f8ab7a733ee8a35526939321257c61ee)] -> xpath: //li//span[contains(text(),'Computers, Tablets & Network Hardware')]]
2020-12-15 21:12:298 INFO  ShopByCategoryPage :54 - Click on Apple Laptop Linlk [[ChromeDriver: chrome on WINDOWS (f8ab7a733ee8a35526939321257c61ee)] -> xpath: //div[contains(text(),'Apple Laptops')]]
2020-12-15 23:12:980 INFO  ShopByCategoryPage :39 - Click on Shop By Category Link [[ChromeDriver: chrome on WINDOWS (aac778014c0587c0038a882c3c63d27e)] -> xpath: //button[@id='gh-shop-a']]
2020-12-15 23:12:59 INFO  ShopByCategoryPage :45 - Click on Computer And Tablet  Link [[ChromeDriver: chrome on WINDOWS (aac778014c0587c0038a882c3c63d27e)] -> xpath: //a[contains(text(),'Computers & tablets')]]
2020-12-15 23:12:69 INFO  ShopByCategoryPage :58 - Click on Apple Laptop Linlk [[ChromeDriver: chrome on WINDOWS (aac778014c0587c0038a882c3c63d27e)] -> xpath: //div[contains(text(),'Apple Laptops')]]
2020-12-15 23:12:366 INFO  MacBookPage :50 - Verify Apple Laptop Message [[ChromeDriver: chrome on WINDOWS (aac778014c0587c0038a882c3c63d27e)] -> xpath: //li//span[contains(text(),'Apple Laptops')]]
2020-12-15 23:12:474 INFO  MacBookPage :57 - Clicks pn Check Box Proxy element for: DefaultElementLocator 'By.xpath: //input[@id='w_1608066795985_cbx']'
2020-12-15 23:12:98 INFO  ShopByCategoryPage :39 - Click on Shop By Category Link [[ChromeDriver: chrome on WINDOWS (fda66fb61e6ce00708f622fa455b2407)] -> xpath: //button[@id='gh-shop-a']]
2020-12-15 23:12:171 INFO  ShopByCategoryPage :45 - Click on Computer And Tablet  Link [[ChromeDriver: chrome on WINDOWS (fda66fb61e6ce00708f622fa455b2407)] -> xpath: //a[contains(text(),'Computers & tablets')]]
2020-12-15 23:12:156 INFO  ShopByCategoryPage :58 - Click on Apple Laptop Linlk [[ChromeDriver: chrome on WINDOWS (fda66fb61e6ce00708f622fa455b2407)] -> xpath: //div[contains(text(),'Apple Laptops')]]
2020-12-15 23:12:418 INFO  MacBookPage :50 - Verify Apple Laptop Message [[ChromeDriver: chrome on WINDOWS (fda66fb61e6ce00708f622fa455b2407)] -> xpath: //li//span[contains(text(),'Apple Laptops')]]
2020-12-15 23:12:456 INFO  MacBookPage :57 - Clicks pn Check Box [[ChromeDriver: chrome on WINDOWS (fda66fb61e6ce00708f622fa455b2407)] -> xpath: //span[contains(text(),'2020')]]
2020-12-15 23:12:746 INFO  MacBookPage :63 - Click on RAM Checkbox Proxy element for: DefaultElementLocator 'By.xpath: //input[@id='w_1608066920132_cbx']'
2020-12-15 23:12:118 INFO  ShopByCategoryPage :39 - Click on Shop By Category Link [[ChromeDriver: chrome on WINDOWS (86d9d56c06a52698dbcdfc924bd6a189)] -> xpath: //button[@id='gh-shop-a']]
2020-12-15 23:12:206 INFO  ShopByCategoryPage :45 - Click on Computer And Tablet  Link [[ChromeDriver: chrome on WINDOWS (86d9d56c06a52698dbcdfc924bd6a189)] -> xpath: //a[contains(text(),'Computers & tablets')]]
2020-12-15 23:12:249 INFO  ShopByCategoryPage :58 - Click on Apple Laptop Linlk [[ChromeDriver: chrome on WINDOWS (86d9d56c06a52698dbcdfc924bd6a189)] -> xpath: //div[contains(text(),'Apple Laptops')]]
2020-12-15 23:12:556 INFO  MacBookPage :50 - Verify Apple Laptop Message [[ChromeDriver: chrome on WINDOWS (86d9d56c06a52698dbcdfc924bd6a189)] -> xpath: //li//span[contains(text(),'Apple Laptops')]]
2020-12-15 23:12:593 INFO  MacBookPage :57 - Clicks pn Check Box [[ChromeDriver: chrome on WINDOWS (86d9d56c06a52698dbcdfc924bd6a189)] -> xpath: //span[contains(text(),'2020')]]
2020-12-15 23:12:741 INFO  MacBookPage :63 - Click on RAM Checkbox [[ChromeDriver: chrome on WINDOWS (86d9d56c06a52698dbcdfc924bd6a189)] -> xpath: //span[contains(text(),'32 GB')]]
2020-12-15 23:12:875 INFO  MacBookPage :69 - Click on HDD option [[ChromeDriver: chrome on WINDOWS (86d9d56c06a52698dbcdfc924bd6a189)] -> xpath: //span[contains(text(),'2 TB')]]
2020-12-16 00:12:354 INFO  ShopByCategoryPage :39 - Click on Shop By Category Link [[ChromeDriver: chrome on WINDOWS (431f8a865598f89fb72feaba9dcc190d)] -> xpath: //button[@id='gh-shop-a']]
2020-12-16 00:12:427 INFO  ShopByCategoryPage :45 - Click on Computer And Tablet  Link [[ChromeDriver: chrome on WINDOWS (431f8a865598f89fb72feaba9dcc190d)] -> xpath: //a[contains(text(),'Computers & tablets')]]
2020-12-16 00:12:501 INFO  ShopByCategoryPage :58 - Click on Apple Laptop Linlk [[ChromeDriver: chrome on WINDOWS (431f8a865598f89fb72feaba9dcc190d)] -> xpath: //div[contains(text(),'Apple Laptops')]]
2020-12-16 00:12:724 INFO  MacBookPage :54 - Verify Apple Laptop Message [[ChromeDriver: chrome on WINDOWS (431f8a865598f89fb72feaba9dcc190d)] -> xpath: //li//span[contains(text(),'Apple Laptops')]]
2020-12-16 00:12:760 INFO  MacBookPage :61 - Clicks pn Check Box [[ChromeDriver: chrome on WINDOWS (431f8a865598f89fb72feaba9dcc190d)] -> xpath: //span[contains(text(),'2020')]]
2020-12-16 00:12:11 INFO  MacBookPage :67 - Click on RAM Checkbox [[ChromeDriver: chrome on WINDOWS (431f8a865598f89fb72feaba9dcc190d)] -> xpath: //span[contains(text(),'32 GB')]]
2020-12-16 00:12:228 INFO  MacBookPage :73 - Click on HDD option [[ChromeDriver: chrome on WINDOWS (431f8a865598f89fb72feaba9dcc190d)] -> xpath: //span[contains(text(),'2 TB')]]
2020-12-16 00:12:418 INFO  MacBookPage :79 - Click on Buy It Now Tab [[ChromeDriver: chrome on WINDOWS (431f8a865598f89fb72feaba9dcc190d)] -> xpath: //h2[contains(text(),'Buy it now')]]
2020-12-16 00:12:513 INFO  MacBookPage :85 - Sorts by highest to Lowest [[ChromeDriver: chrome on WINDOWS (431f8a865598f89fb72feaba9dcc190d)] -> xpath: //span[@id='gh-ug']]
2020-12-16 20:12:794 INFO  ShopByCategoryPage :32 - Verify Message [[ChromeDriver: chrome on WINDOWS (b631912357bdc9d0aec7f197fd92a046)] -> xpath: //div[@class='gh-menu']//a[@title='My eBay']]
2020-12-16 20:12:851 INFO  ShopByCategoryPage :39 - Click on Shop By Category Link [[ChromeDriver: chrome on WINDOWS (b631912357bdc9d0aec7f197fd92a046)] -> xpath: //button[@id='gh-shop-a']]
2020-12-16 20:12:64 INFO  ShopByCategoryPage :45 - Click on Computer And Tablet  Link [[ChromeDriver: chrome on WINDOWS (b631912357bdc9d0aec7f197fd92a046)] -> xpath: //a[contains(text(),'Computers & tablets')]]
2020-12-16 20:12:134 INFO  ShopByCategoryPage :51 - Verify Computer And Tablet Message [[ChromeDriver: chrome on WINDOWS (b631912357bdc9d0aec7f197fd92a046)] -> xpath: //li//span[contains(text(),'Computers, Tablets & Network Hardware')]]
2020-12-16 20:12:303 INFO  ShopByCategoryPage :58 - Click on Apple Laptop Linlk [[ChromeDriver: chrome on WINDOWS (b631912357bdc9d0aec7f197fd92a046)] -> xpath: //div[contains(text(),'Apple Laptops')]]
2020-12-16 20:12:936 INFO  ShopByCategoryPage :32 - Verify Message [[ChromeDriver: chrome on WINDOWS (ecb7141660c4b935771240ccb80eb00e)] -> xpath: //div[@class='gh-menu']//a[@title='My eBay']]
2020-12-16 20:12:06 INFO  ShopByCategoryPage :39 - Click on Shop By Category Link [[ChromeDriver: chrome on WINDOWS (ecb7141660c4b935771240ccb80eb00e)] -> xpath: //button[@id='gh-shop-a']]
2020-12-16 20:12:176 INFO  ShopByCategoryPage :45 - Click on Computer And Tablet  Link [[ChromeDriver: chrome on WINDOWS (ecb7141660c4b935771240ccb80eb00e)] -> xpath: //a[contains(text(),'Computers & tablets')]]
2020-12-16 20:12:256 INFO  ShopByCategoryPage :51 - Verify Computer And Tablet Message [[ChromeDriver: chrome on WINDOWS (ecb7141660c4b935771240ccb80eb00e)] -> xpath: //li//span[contains(text(),'Computers, Tablets & Network Hardware')]]
2020-12-16 20:12:386 INFO  ShopByCategoryPage :58 - Click on Apple Laptop Linlk [[ChromeDriver: chrome on WINDOWS (ecb7141660c4b935771240ccb80eb00e)] -> xpath: //div[contains(text(),'Apple Laptops')]]
2020-12-16 20:12:756 INFO  ShopByCategoryPage :39 - Click on Shop By Category Link [[ChromeDriver: chrome on WINDOWS (2c0d699f9a4ef278e10674bc09a0314d)] -> xpath: //button[@id='gh-shop-a']]
2020-12-16 20:12:896 INFO  ShopByCategoryPage :45 - Click on Computer And Tablet  Link [[ChromeDriver: chrome on WINDOWS (2c0d699f9a4ef278e10674bc09a0314d)] -> xpath: //a[contains(text(),'Computers & tablets')]]
2020-12-16 20:12:993 INFO  ShopByCategoryPage :58 - Click on Apple Laptop Linlk [[ChromeDriver: chrome on WINDOWS (2c0d699f9a4ef278e10674bc09a0314d)] -> xpath: //div[contains(text(),'Apple Laptops')]]
2020-12-16 20:12:376 INFO  MacBookPage :54 - Verify Apple Laptop Message [[ChromeDriver: chrome on WINDOWS (2c0d699f9a4ef278e10674bc09a0314d)] -> xpath: //li//span[contains(text(),'Apple Laptops')]]
2020-12-16 20:12:444 INFO  MacBookPage :61 - Clicks pn Check Box [[ChromeDriver: chrome on WINDOWS (2c0d699f9a4ef278e10674bc09a0314d)] -> xpath: //span[contains(text(),'2020')]]
2020-12-16 20:12:684 INFO  MacBookPage :67 - Click on RAM Checkbox [[ChromeDriver: chrome on WINDOWS (2c0d699f9a4ef278e10674bc09a0314d)] -> xpath: //span[contains(text(),'32 GB')]]
2020-12-16 20:12:946 INFO  MacBookPage :73 - Click on HDD option [[ChromeDriver: chrome on WINDOWS (2c0d699f9a4ef278e10674bc09a0314d)] -> xpath: //span[contains(text(),'2 TB')]]
2020-12-16 20:12:220 INFO  MacBookPage :79 - Click on Buy It Now Tab [[ChromeDriver: chrome on WINDOWS (2c0d699f9a4ef278e10674bc09a0314d)] -> xpath: //h2[contains(text(),'Buy it now')]]
2020-12-16 20:12:346 INFO  MacBookPage :85 - Sorts by highest to Lowest [[ChromeDriver: chrome on WINDOWS (2c0d699f9a4ef278e10674bc09a0314d)] -> xpath: //span[@id='gh-ug']]
2020-12-16 20:12:946 INFO  ShopByCategoryPage :32 - Verify Message [[ChromeDriver: chrome on WINDOWS (e22dd5ae1a76ac131a2171f3324130e6)] -> xpath: //div[@class='gh-menu']//a[@title='My eBay']]
2020-12-16 20:12:14 INFO  ShopByCategoryPage :39 - Click on Shop By Category Link [[ChromeDriver: chrome on WINDOWS (e22dd5ae1a76ac131a2171f3324130e6)] -> xpath: //button[@id='gh-shop-a']]
2020-12-16 20:12:132 INFO  ShopByCategoryPage :45 - Click on Computer And Tablet  Link [[ChromeDriver: chrome on WINDOWS (e22dd5ae1a76ac131a2171f3324130e6)] -> xpath: //a[contains(text(),'Computers & tablets')]]
2020-12-16 20:12:184 INFO  ShopByCategoryPage :51 - Verify Computer And Tablet Message [[ChromeDriver: chrome on WINDOWS (e22dd5ae1a76ac131a2171f3324130e6)] -> xpath: //li//span[contains(text(),'Computers, Tablets & Network Hardware')]]
2020-12-16 20:12:248 INFO  ShopByCategoryPage :58 - Click on Apple Laptop Linlk [[ChromeDriver: chrome on WINDOWS (e22dd5ae1a76ac131a2171f3324130e6)] -> xpath: //div[contains(text(),'Apple Laptops')]]
2020-12-16 20:12:796 INFO  ShopByCategoryPage :39 - Click on Shop By Category Link [[ChromeDriver: chrome on WINDOWS (8f591353118b510f6e55f311ad259a02)] -> xpath: //button[@id='gh-shop-a']]
2020-12-16 20:12:916 INFO  ShopByCategoryPage :45 - Click on Computer And Tablet  Link [[ChromeDriver: chrome on WINDOWS (8f591353118b510f6e55f311ad259a02)] -> xpath: //a[contains(text(),'Computers & tablets')]]
2020-12-16 20:12:07 INFO  ShopByCategoryPage :58 - Click on Apple Laptop Linlk [[ChromeDriver: chrome on WINDOWS (8f591353118b510f6e55f311ad259a02)] -> xpath: //div[contains(text(),'Apple Laptops')]]
2020-12-16 20:12:456 INFO  MacBookPage :54 - Verify Apple Laptop Message [[ChromeDriver: chrome on WINDOWS (8f591353118b510f6e55f311ad259a02)] -> xpath: //li//span[contains(text(),'Apple Laptops')]]
2020-12-16 20:12:536 INFO  MacBookPage :61 - Clicks pn Check Box [[ChromeDriver: chrome on WINDOWS (8f591353118b510f6e55f311ad259a02)] -> xpath: //span[contains(text(),'2020')]]
2020-12-16 20:12:984 INFO  MacBookPage :67 - Click on RAM Checkbox [[ChromeDriver: chrome on WINDOWS (8f591353118b510f6e55f311ad259a02)] -> xpath: //span[contains(text(),'32 GB')]]
2020-12-16 20:12:327 INFO  MacBookPage :73 - Click on HDD option [[ChromeDriver: chrome on WINDOWS (8f591353118b510f6e55f311ad259a02)] -> xpath: //span[contains(text(),'2 TB')]]
2020-12-16 20:12:717 INFO  MacBookPage :79 - Click on Buy It Now Tab [[ChromeDriver: chrome on WINDOWS (8f591353118b510f6e55f311ad259a02)] -> xpath: //h2[contains(text(),'Buy it now')]]
2020-12-16 20:12:00 INFO  MacBookPage :85 - Sorts by highest to Lowest [[ChromeDriver: chrome on WINDOWS (8f591353118b510f6e55f311ad259a02)] -> xpath: //span[@id='gh-ug']]
2020-12-16 20:12:467 INFO  MacBookPage :92 - Select Mac Book Proxy element for: DefaultElementLocator 'By.xpath: //h3[contains(text(),'16-inch Apple MacBook Pro Touch Bar 2.4ghz 8-core i9 32gb 8TB SSD AMD 5600M 8GB')]'
