2020-12-13 15:12:548 INFO  RegisterPage :42 - Click on Create New Account Link [[ChromeDriver: chrome on WINDOWS (e00b4bb8af34bf7d8a6f6bfcad2cc783)] -> xpath: //a[contains(@class,'popup-button default-popup-button create-account-link')]]
2020-12-13 15:12:235 INFO  RegisterPage :49 - Send Email Id to Field [[ChromeDriver: chrome on WINDOWS (e00b4bb8af34bf7d8a6f6bfcad2cc783)] -> xpath: //input[@id='login']]
2020-12-13 15:12:530 INFO  RegisterPage :47 - Click on Create New Account Link [[ChromeDriver: chrome on WINDOWS (a4a887c855b35a71f04cb5623e6d259c)] -> xpath: //a[contains(@class,'popup-button default-popup-button create-account-link')]]
2020-12-13 15:12:403 INFO  RegisterPage :54 - Send Email Id to Field [[ChromeDriver: chrome on WINDOWS (a4a887c855b35a71f04cb5623e6d259c)] -> xpath: //input[@id='login']]
2020-12-13 15:12:522 INFO  RegisterPage :62 - send password to password Field [[ChromeDriver: chrome on WINDOWS (a4a887c855b35a71f04cb5623e6d259c)] -> xpath: //input[@id='password']]
2020-12-13 15:12:655 INFO  RegisterPage :62 - send password to password Field [[ChromeDriver: chrome on WINDOWS (a4a887c855b35a71f04cb5623e6d259c)] -> xpath: //input[@id='password']]
2020-12-13 15:12:766 INFO  RegisterPage :78 - clicks on Create Button [[ChromeDriver: chrome on WINDOWS (a4a887c855b35a71f04cb5623e6d259c)] -> xpath: //input[@id='password-conf']]
2020-12-13 15:12:929 INFO  RegisterPage :85 - Verify Pop UP message Proxy element for: DefaultElementLocator 'By.xpath: //body/div[@id='mm-0']/div[@id='page-wrapper']/div[@id='page']/div[3]/div[1]/div[1]/ul[1]'
2020-12-13 15:12:756 INFO  RegisterPage :47 - Click on Create New Account Link [[ChromeDriver: chrome on WINDOWS (46e74d1c8bf392fbd1680da44fc4be48)] -> xpath: //a[contains(@class,'popup-button default-popup-button create-account-link')]]
2020-12-13 15:12:679 INFO  RegisterPage :54 - Send Email Id to Field [[ChromeDriver: chrome on WINDOWS (46e74d1c8bf392fbd1680da44fc4be48)] -> xpath: //input[@id='login']]
2020-12-13 15:12:691 INFO  RegisterPage :62 - send password to password Field [[ChromeDriver: chrome on WINDOWS (46e74d1c8bf392fbd1680da44fc4be48)] -> xpath: //input[@id='password']]
2020-12-13 15:12:828 INFO  RegisterPage :62 - send password to password Field [[ChromeDriver: chrome on WINDOWS (46e74d1c8bf392fbd1680da44fc4be48)] -> xpath: //input[@id='password']]
2020-12-13 15:12:944 INFO  RegisterPage :79 - clicks on Create Button [[ChromeDriver: chrome on WINDOWS (46e74d1c8bf392fbd1680da44fc4be48)] -> xpath: //input[@id='password-conf']]
2020-12-13 15:12:76 INFO  RegisterPage :86 - Verify Pop UP message Proxy element for: DefaultElementLocator 'By.xpath: //body/div[@id='mm-0']/div[@id='page-wrapper']/div[@id='page']/div[3]/div[1]/div[1]/ul[1]'
2020-12-13 16:12:386 INFO  RegisterPage :47 - Click on Create New Account Link [[ChromeDriver: chrome on WINDOWS (9d6a0dee5807e2c61dc120020534d224)] -> xpath: //a[contains(@class,'popup-button default-popup-button create-account-link')]]
2020-12-13 16:12:257 INFO  RegisterPage :54 - Send Email Id to Field [[ChromeDriver: chrome on WINDOWS (9d6a0dee5807e2c61dc120020534d224)] -> xpath: //input[@id='login']]
2020-12-13 16:12:329 INFO  RegisterPage :62 - send password to password Field [[ChromeDriver: chrome on WINDOWS (9d6a0dee5807e2c61dc120020534d224)] -> xpath: //input[@id='password']]
2020-12-13 16:12:442 INFO  RegisterPage :62 - send password to password Field [[ChromeDriver: chrome on WINDOWS (9d6a0dee5807e2c61dc120020534d224)] -> xpath: //input[@id='password']]
2020-12-13 16:12:527 INFO  RegisterPage :80 - clicks on Create Button [[ChromeDriver: chrome on WINDOWS (9d6a0dee5807e2c61dc120020534d224)] -> xpath: //input[@id='password-conf']]
2020-12-13 16:12:434 INFO  RegisterPage :47 - Click on Create New Account Link [[ChromeDriver: chrome on WINDOWS (e6b629abbada806fddc7ee69028c59a8)] -> xpath: //a[contains(@class,'popup-button default-popup-button create-account-link')]]
2020-12-13 16:12:314 INFO  RegisterPage :54 - Send Email Id to Field [[ChromeDriver: chrome on WINDOWS (e6b629abbada806fddc7ee69028c59a8)] -> xpath: //input[@id='login']]
2020-12-13 16:12:405 INFO  RegisterPage :62 - send password to password Field [[ChromeDriver: chrome on WINDOWS (e6b629abbada806fddc7ee69028c59a8)] -> xpath: //input[@id='password']]
2020-12-13 16:12:516 INFO  RegisterPage :62 - send password to password Field [[ChromeDriver: chrome on WINDOWS (e6b629abbada806fddc7ee69028c59a8)] -> xpath: //input[@id='password']]
2020-12-13 16:12:608 INFO  RegisterPage :80 - clicks on Create Button [[ChromeDriver: chrome on WINDOWS (e6b629abbada806fddc7ee69028c59a8)] -> xpath: //input[@id='password-conf']]
2020-12-13 16:12:663 INFO  RegisterPage :47 - Click on Create New Account Link [[ChromeDriver: chrome on WINDOWS (999c048d18ac0f4c7f3036e53de2ea11)] -> xpath: //a[contains(@class,'popup-button default-popup-button create-account-link')]]
2020-12-13 16:12:535 INFO  RegisterPage :54 - Send Email Id to Field [[ChromeDriver: chrome on WINDOWS (999c048d18ac0f4c7f3036e53de2ea11)] -> xpath: //input[@id='login']]
2020-12-13 16:12:577 INFO  RegisterPage :62 - send password to password Field [[ChromeDriver: chrome on WINDOWS (999c048d18ac0f4c7f3036e53de2ea11)] -> xpath: //input[@id='password']]
2020-12-13 16:12:720 INFO  RegisterPage :70 - send confirm my password to field [[ChromeDriver: chrome on WINDOWS (999c048d18ac0f4c7f3036e53de2ea11)] -> xpath: //input[@id='password-conf']]
2020-12-13 16:12:837 INFO  RegisterPage :78 - clicks on Create Button [[ChromeDriver: chrome on WINDOWS (999c048d18ac0f4c7f3036e53de2ea11)] -> xpath: //input[@id='password-conf']]
2020-12-13 16:12:620 INFO  RegisterPage :85 - Verify Pop UP message [[ChromeDriver: chrome on WINDOWS (999c048d18ac0f4c7f3036e53de2ea11)] -> xpath: //body/div[@id='mm-0']/div[@id='page-wrapper']/div[@id='page']/div[3]/div[1]/div[1]/ul[1]]
2020-12-13 16:12:532 INFO  RegisterPage :49 - Click on Create New Account Link [[ChromeDriver: chrome on WINDOWS (3f92750ffae251b3bfcc89bea974e9ef)] -> xpath: //a[contains(@class,'popup-button default-popup-button create-account-link')]]
2020-12-13 16:12:393 INFO  RegisterPage :56 - Send Email Id to Field [[ChromeDriver: chrome on WINDOWS (3f92750ffae251b3bfcc89bea974e9ef)] -> xpath: //input[@id='login']]
2020-12-13 16:12:450 INFO  RegisterPage :64 - send password to password Field [[ChromeDriver: chrome on WINDOWS (3f92750ffae251b3bfcc89bea974e9ef)] -> xpath: //input[@id='password']]
2020-12-13 16:12:572 INFO  RegisterPage :64 - send password to password Field [[ChromeDriver: chrome on WINDOWS (3f92750ffae251b3bfcc89bea974e9ef)] -> xpath: //input[@id='password']]
2020-12-13 16:12:676 INFO  RegisterPage :80 - clicks on Create Button [[ChromeDriver: chrome on WINDOWS (3f92750ffae251b3bfcc89bea974e9ef)] -> xpath: //input[@id='password-conf']]
2020-12-13 16:12:817 INFO  RegisterPage :87 - Verify Pop UP message Proxy element for: DefaultElementLocator 'By.xpath: //body/div[@id='mm-0']/div[@id='page-wrapper']/div[@id='page']/div[3]/div[1]/div[1]/ul[1]'
2020-12-13 16:12:632 INFO  RegisterPage :49 - Click on Create New Account Link [[ChromeDriver: chrome on WINDOWS (8126262429d314175232a5ac62bfbb2e)] -> xpath: //a[contains(@class,'popup-button default-popup-button create-account-link')]]
2020-12-13 16:12:543 INFO  RegisterPage :56 - Send Email Id to Field [[ChromeDriver: chrome on WINDOWS (8126262429d314175232a5ac62bfbb2e)] -> xpath: //input[@id='login']]
2020-12-13 16:12:632 INFO  RegisterPage :64 - send password to password Field [[ChromeDriver: chrome on WINDOWS (8126262429d314175232a5ac62bfbb2e)] -> xpath: //input[@id='password']]
2020-12-13 16:12:755 INFO  RegisterPage :72 - send confirm my password to field [[ChromeDriver: chrome on WINDOWS (8126262429d314175232a5ac62bfbb2e)] -> xpath: //input[@id='password-conf']]
2020-12-13 16:12:858 INFO  RegisterPage :80 - clicks on Create Button [[ChromeDriver: chrome on WINDOWS (8126262429d314175232a5ac62bfbb2e)] -> xpath: //input[@id='password-conf']]
2020-12-13 16:12:494 INFO  RegisterPage :49 - Click on Create New Account Link [[ChromeDriver: chrome on WINDOWS (ed08f2ef74bff9eafafe5488eab8a8b1)] -> xpath: //a[contains(@class,'popup-button default-popup-button create-account-link')]]
2020-12-13 16:12:362 INFO  RegisterPage :56 - Send Email Id to Field [[ChromeDriver: chrome on WINDOWS (ed08f2ef74bff9eafafe5488eab8a8b1)] -> xpath: //input[@id='login']]
2020-12-13 16:12:426 INFO  RegisterPage :64 - send password to password Field [[ChromeDriver: chrome on WINDOWS (ed08f2ef74bff9eafafe5488eab8a8b1)] -> xpath: //input[@id='password']]
2020-12-13 16:12:560 INFO  RegisterPage :72 - send confirm my password to field [[ChromeDriver: chrome on WINDOWS (ed08f2ef74bff9eafafe5488eab8a8b1)] -> xpath: //input[@id='password-conf']]
2020-12-13 16:12:683 INFO  RegisterPage :80 - clicks on Create Button [[ChromeDriver: chrome on WINDOWS (ed08f2ef74bff9eafafe5488eab8a8b1)] -> xpath: //input[@id='password-conf']]
2020-12-13 16:12:354 INFO  RegisterPage :87 - Verify Pop UP message [[ChromeDriver: chrome on WINDOWS (ed08f2ef74bff9eafafe5488eab8a8b1)] -> xpath: //body/div[@id='mm-0']/div[@id='page-wrapper']/div[@id='page']/div[3]/div[1]/div[1]/ul[1]]
2020-12-13 16:12:412 INFO  SignInPage :33 - Clicks on sign in button [[ChromeDriver: chrome on WINDOWS (7328b8b271f37925ce328aa3c986e32e)] -> xpath: //div[@class='header_bar-sign_in']//span[contains(text(),'Sign in / sign up')]]
2020-12-13 16:12:358 INFO  RegisterPage :56 - Send Email Id to Field Proxy element for: DefaultElementLocator 'By.xpath: //input[@id='login']'
2020-12-13 16:12:464 INFO  RegisterPage :56 - Send Email Id to Field Proxy element for: DefaultElementLocator 'By.xpath: //input[@id='login']'
2020-12-13 17:12:420 INFO  RegisterPage :49 - Click on Create New Account Link [[ChromeDriver: chrome on WINDOWS (bde8917d5a3dc5fd1fe9df4aba962609)] -> xpath: //a[contains(@class,'popup-button default-popup-button create-account-link')]]
2020-12-13 17:12:309 INFO  RegisterPage :56 - Send Email Id to Field [[ChromeDriver: chrome on WINDOWS (bde8917d5a3dc5fd1fe9df4aba962609)] -> xpath: //input[@id='login']]
2020-12-13 17:12:407 INFO  RegisterPage :64 - send password to password Field [[ChromeDriver: chrome on WINDOWS (bde8917d5a3dc5fd1fe9df4aba962609)] -> xpath: //input[@id='password']]
2020-12-13 17:12:547 INFO  RegisterPage :72 - send confirm my password to field [[ChromeDriver: chrome on WINDOWS (bde8917d5a3dc5fd1fe9df4aba962609)] -> xpath: //input[@id='password-conf']]
2020-12-13 17:12:673 INFO  RegisterPage :80 - clicks on Create Button [[ChromeDriver: chrome on WINDOWS (bde8917d5a3dc5fd1fe9df4aba962609)] -> xpath: //input[@id='password-conf']]
2020-12-13 17:12:88 INFO  SignInPage :33 - Clicks on sign in button [[ChromeDriver: chrome on WINDOWS (8514f922422e8e75d5efe704b85f3d1a)] -> xpath: //div[@class='header_bar-sign_in']//span[contains(text(),'Sign in / sign up')]]
2020-12-13 17:12:315 INFO  RegisterPage :56 - Send Email Id to Field Proxy element for: DefaultElementLocator 'By.xpath: //input[@id='login']'
2020-12-13 17:12:169 INFO  SignInPage :33 - Clicks on sign in button [[ChromeDriver: chrome on WINDOWS (b1582061adbd63c4e7155bf2d93f9457)] -> xpath: //div[@class='header_bar-sign_in']//span[contains(text(),'Sign in / sign up')]]
2020-12-13 17:12:470 INFO  SignInPage :40 - sends text to email Field [[ChromeDriver: chrome on WINDOWS (b1582061adbd63c4e7155bf2d93f9457)] -> xpath: //input[@id='login-email']]
2020-12-13 17:12:85 INFO  SignInPage :48 - send text to password Field [[ChromeDriver: chrome on WINDOWS (b1582061adbd63c4e7155bf2d93f9457)] -> xpath: //input[@id='login-password']]
2020-12-13 17:12:208 INFO  SignInPage :55 - Send text Submit Button [[ChromeDriver: chrome on WINDOWS (b1582061adbd63c4e7155bf2d93f9457)] -> xpath: //tbody//button[@class='btn  regular-button  submit']]
2020-12-13 18:12:240 INFO  RegisterPage :28 - Clicking on sale from hot deals[[ChromeDriver: chrome on WINDOWS (623255aac124a6297587a08a4864fef3)] -> xpath: //ul/li[2]/span[contains(text(),'Hot deals')]]
2020-12-13 18:12:477 INFO  RegisterPage :35 - Clicking on Sale Link [[ChromeDriver: chrome on WINDOWS (623255aac124a6297587a08a4864fef3)] -> xpath: //*[@id='header-area']/div[1]/div/div[4]/div/ul/li[2]/ul/li[1]/a/span]
2020-12-13 18:12:88 INFO  RegisterPage :43 - Clicking on Lace Boot Link Text [[ChromeDriver: chrome on WINDOWS (623255aac124a6297587a08a4864fef3)] -> xpath: //a[contains(text(),'Lace-Up Boots in Light Brown')]]
2020-12-13 18:12:210 INFO  RegisterPage :50 - Verifying Text Lace Boot Message
2020-12-13 18:12:315 INFO  RegisterPage :28 - Clicking on sale from hot deals[[ChromeDriver: chrome on WINDOWS (940f1c03429d9b1fcc28df5ad6e3fcdd)] -> xpath: //ul/li[2]/span[contains(text(),'Hot deals')]]
2020-12-13 18:12:561 INFO  RegisterPage :35 - Clicking on Sale Link [[ChromeDriver: chrome on WINDOWS (940f1c03429d9b1fcc28df5ad6e3fcdd)] -> xpath: //*[@id='header-area']/div[1]/div/div[4]/div/ul/li[2]/ul/li[1]/a/span]
2020-12-13 18:12:306 INFO  RegisterPage :43 - Clicking on Lace Boot Link Text [[ChromeDriver: chrome on WINDOWS (940f1c03429d9b1fcc28df5ad6e3fcdd)] -> xpath: //a[contains(text(),'Lace-Up Boots in Light Brown')]]
2020-12-13 18:12:446 INFO  RegisterPage :50 - Verifying Text Lace Boot Message
2020-12-13 18:12:604 INFO  RegisterPage :28 - Clicking on sale from hot deals[[ChromeDriver: chrome on WINDOWS (ab9d69fc547e76bd91885079afdd780e)] -> xpath: //ul/li[2]/span[contains(text(),'Hot deals')]]
2020-12-13 18:12:816 INFO  RegisterPage :35 - Clicking on Sale Link [[ChromeDriver: chrome on WINDOWS (ab9d69fc547e76bd91885079afdd780e)] -> xpath: //*[@id='header-area']/div[1]/div/div[4]/div/ul/li[2]/ul/li[1]/a/span]
2020-12-13 18:12:417 INFO  RegisterPage :43 - Clicking on Lace Boot Link Text [[ChromeDriver: chrome on WINDOWS (ab9d69fc547e76bd91885079afdd780e)] -> xpath: //a[contains(text(),'Lace-Up Boots in Light Brown')]]
2020-12-13 18:12:546 INFO  RegisterPage :50 - Verifying Text Lace Boot Message
2020-12-13 18:12:205 INFO  SignInPage :33 - Clicks on sign in button [[ChromeDriver: chrome on WINDOWS (83fc4f0a52226ea1426da36f0ce8cdc2)] -> xpath: //div[@class='header_bar-sign_in']//span[contains(text(),'Sign in / sign up')]]
2020-12-13 18:12:774 INFO  SignInPage :40 - sends text to email Field [[ChromeDriver: chrome on WINDOWS (83fc4f0a52226ea1426da36f0ce8cdc2)] -> xpath: //input[@id='login-email']]
2020-12-13 18:12:401 INFO  SignInPage :48 - send text to password Field [[ChromeDriver: chrome on WINDOWS (83fc4f0a52226ea1426da36f0ce8cdc2)] -> xpath: //input[@id='login-password']]
2020-12-13 18:12:566 INFO  SignInPage :55 - Send text Submit Button [[ChromeDriver: chrome on WINDOWS (83fc4f0a52226ea1426da36f0ce8cdc2)] -> xpath: //tbody//button[@class='btn  regular-button  submit']]
2020-12-13 18:12:624 INFO  RegisterPage :49 - Click on Create New Account Link [[ChromeDriver: chrome on WINDOWS (54611f667d69448e551d7e865e0b2d9a)] -> xpath: //a[contains(@class,'popup-button default-popup-button create-account-link')]]
2020-12-13 18:12:577 INFO  RegisterPage :56 - Send Email Id to Field [[ChromeDriver: chrome on WINDOWS (54611f667d69448e551d7e865e0b2d9a)] -> xpath: //input[@id='login']]
2020-12-13 18:12:707 INFO  RegisterPage :64 - send password to password Field [[ChromeDriver: chrome on WINDOWS (54611f667d69448e551d7e865e0b2d9a)] -> xpath: //input[@id='password']]
2020-12-13 18:12:896 INFO  RegisterPage :72 - send confirm my password to field [[ChromeDriver: chrome on WINDOWS (54611f667d69448e551d7e865e0b2d9a)] -> xpath: //input[@id='password-conf']]
2020-12-13 18:12:56 INFO  RegisterPage :80 - clicks on Create Button [[ChromeDriver: chrome on WINDOWS (54611f667d69448e551d7e865e0b2d9a)] -> xpath: //input[@id='password-conf']]
2020-12-13 18:12:236 INFO  RegisterPage :87 - Verify Pop UP message Proxy element for: DefaultElementLocator 'By.xpath: //body/div[@id='mm-0']/div[@id='page-wrapper']/div[@id='page']/div[3]/div[1]/div[1]/ul[1]'
2020-12-13 22:12:828 INFO  RegisterPage :28 - Clicking on sale from hot deals[[ChromeDriver: chrome on WINDOWS (8c1c54d0e5901d3f054aa23a7ca2b91b)] -> xpath: //ul/li[2]/span[contains(text(),'Hot deals')]]
2020-12-13 22:12:40 INFO  RegisterPage :35 - Clicking on Sale Link [[ChromeDriver: chrome on WINDOWS (8c1c54d0e5901d3f054aa23a7ca2b91b)] -> xpath: //*[@id='header-area']/div[1]/div/div[4]/div/ul/li[2]/ul/li[1]/a/span]
2020-12-13 22:12:798 INFO  RegisterPage :28 - Clicking on sale from hot deals[[ChromeDriver: chrome on WINDOWS (d30ac69af1ba662e94334cd389f3b58e)] -> xpath: //ul/li[2]/span[contains(text(),'Hot deals')]]
2020-12-13 22:12:998 INFO  RegisterPage :35 - Clicking on Sale Link [[ChromeDriver: chrome on WINDOWS (d30ac69af1ba662e94334cd389f3b58e)] -> xpath: //*[@id='header-area']/div[1]/div/div[4]/div/ul/li[2]/ul/li[1]/a/span]
2020-12-13 22:12:848 INFO  RegisterPage :43 - Clicking on Lace Boot Link Text [[ChromeDriver: chrome on WINDOWS (d30ac69af1ba662e94334cd389f3b58e)] -> xpath: //a[contains(text(),'Lace-Up Boots in Light Brown')]]
2020-12-13 22:12:965 INFO  RegisterPage :50 - Verifying Text Lace Boot Message
2020-12-13 22:12:716 INFO  SignInPage :33 - Clicks on sign in button [[ChromeDriver: chrome on WINDOWS (7b47327a9c7385cda9bd1eb702acafca)] -> xpath: //div[@class='header_bar-sign_in']//span[contains(text(),'Sign in / sign up')]]
2020-12-13 22:12:208 INFO  SignInPage :40 - sends text to email Field [[ChromeDriver: chrome on WINDOWS (7b47327a9c7385cda9bd1eb702acafca)] -> xpath: //input[@id='login-email']]
2020-12-13 22:12:824 INFO  SignInPage :48 - send text to password Field [[ChromeDriver: chrome on WINDOWS (7b47327a9c7385cda9bd1eb702acafca)] -> xpath: //input[@id='login-password']]
2020-12-13 22:12:978 INFO  SignInPage :55 - Send text Submit Button [[ChromeDriver: chrome on WINDOWS (7b47327a9c7385cda9bd1eb702acafca)] -> xpath: //tbody//button[@class='btn  regular-button  submit']]
2020-12-13 22:12:178 INFO  RegisterPage :49 - Click on Create New Account Link [[ChromeDriver: chrome on WINDOWS (b8d33686d53fe1ddfbb7ddf88f82b89d)] -> xpath: //a[contains(@class,'popup-button default-popup-button create-account-link')]]
2020-12-13 22:12:968 INFO  RegisterPage :56 - Send Email Id to Field [[ChromeDriver: chrome on WINDOWS (b8d33686d53fe1ddfbb7ddf88f82b89d)] -> xpath: //input[@id='login']]
2020-12-13 22:12:128 INFO  RegisterPage :64 - send password to password Field [[ChromeDriver: chrome on WINDOWS (b8d33686d53fe1ddfbb7ddf88f82b89d)] -> xpath: //input[@id='password']]
2020-12-13 22:12:314 INFO  RegisterPage :72 - send confirm my password to field [[ChromeDriver: chrome on WINDOWS (b8d33686d53fe1ddfbb7ddf88f82b89d)] -> xpath: //input[@id='password-conf']]
2020-12-13 22:12:496 INFO  RegisterPage :80 - clicks on Create Button [[ChromeDriver: chrome on WINDOWS (b8d33686d53fe1ddfbb7ddf88f82b89d)] -> xpath: //input[@id='password-conf']]
2020-12-13 22:12:699 INFO  RegisterPage :87 - Verify Pop UP message Proxy element for: DefaultElementLocator 'By.xpath: //body/div[@id='mm-0']/div[@id='page-wrapper']/div[@id='page']/div[3]/div[1]/div[1]/ul[1]'
2020-12-16 20:12:344 INFO  RegisterPage :28 - Clicking on sale from hot deals[[ChromeDriver: chrome on WINDOWS (8a1bf85dbf39a0ee57f179134a950939)] -> xpath: //ul/li[2]/span[contains(text(),'Hot deals')]]
2020-12-16 20:12:544 INFO  RegisterPage :35 - Clicking on Sale Link [[ChromeDriver: chrome on WINDOWS (8a1bf85dbf39a0ee57f179134a950939)] -> xpath: //*[@id='header-area']/div[1]/div/div[4]/div/ul/li[2]/ul/li[1]/a/span]
2020-12-16 20:12:335 INFO  RegisterPage :43 - Clicking on Lace Boot Link Text [[ChromeDriver: chrome on WINDOWS (8a1bf85dbf39a0ee57f179134a950939)] -> xpath: //a[contains(text(),'Lace-Up Boots in Light Brown')]]
2020-12-16 20:12:445 INFO  RegisterPage :50 - Verifying Text Lace Boot Message
2020-12-16 20:12:115 INFO  SignInPage :33 - Clicks on sign in button [[ChromeDriver: chrome on WINDOWS (d902f1f1f26ec06b3ed79d6c9f6e6a9a)] -> xpath: //div[@class='header_bar-sign_in']//span[contains(text(),'Sign in / sign up')]]
2020-12-16 20:12:526 INFO  SignInPage :40 - sends text to email Field [[ChromeDriver: chrome on WINDOWS (d902f1f1f26ec06b3ed79d6c9f6e6a9a)] -> xpath: //input[@id='login-email']]
2020-12-16 20:12:145 INFO  SignInPage :48 - send text to password Field [[ChromeDriver: chrome on WINDOWS (d902f1f1f26ec06b3ed79d6c9f6e6a9a)] -> xpath: //input[@id='login-password']]
2020-12-16 20:12:302 INFO  SignInPage :55 - Send text Submit Button [[ChromeDriver: chrome on WINDOWS (d902f1f1f26ec06b3ed79d6c9f6e6a9a)] -> xpath: //tbody//button[@class='btn  regular-button  submit']]
2020-12-16 20:12:635 INFO  RegisterPage :49 - Click on Create New Account Link [[ChromeDriver: chrome on WINDOWS (b85dd4dd25a467ea5a7a9602401482ec)] -> xpath: //a[contains(@class,'popup-button default-popup-button create-account-link')]]
2020-12-16 20:12:668 INFO  RegisterPage :56 - Send Email Id to Field [[ChromeDriver: chrome on WINDOWS (b85dd4dd25a467ea5a7a9602401482ec)] -> xpath: //input[@id='login']]
2020-12-16 20:12:764 INFO  RegisterPage :64 - send password to password Field [[ChromeDriver: chrome on WINDOWS (b85dd4dd25a467ea5a7a9602401482ec)] -> xpath: //input[@id='password']]
2020-12-16 20:12:965 INFO  RegisterPage :72 - send confirm my password to field [[ChromeDriver: chrome on WINDOWS (b85dd4dd25a467ea5a7a9602401482ec)] -> xpath: //input[@id='password-conf']]
2020-12-16 20:12:154 INFO  RegisterPage :80 - clicks on Create Button [[ChromeDriver: chrome on WINDOWS (b85dd4dd25a467ea5a7a9602401482ec)] -> xpath: //input[@id='password-conf']]
2020-12-16 20:12:665 INFO  RegisterPage :87 - Verify Pop UP message Proxy element for: DefaultElementLocator 'By.xpath: //body/div[@id='mm-0']/div[@id='page-wrapper']/div[@id='page']/div[3]/div[1]/div[1]/ul[1]'
